Build started 14/06/2015 4:15:17 PM.
     1>Project "S:\Users\Alex\Google Drive\AIE stuffs\Assesment 2\AIEProjects-StarterTemplate\Project1\Project1.vcxproj" on node 2 (Build target(s)).
     1>ClCompile:
         S:\Program Files (x86)\Microsoft Visual Studio 12.0\VC\bin\CL.exe /c /I"S:\Users\Alex\Google Drive\AIE stuffs\Assesment 2\AIEProjects-StarterTemplate\AIE_GL\include\\" /I"S:\Users\Alex\Google Drive\AIE stuffs\Assesment 2\AIEProjects-StarterTemplate\libraries\glfw3\include\GLFW\\" /I"S:\Users\Alex\Google Drive\AIE stuffs\Assesment 2\AIEProjects-StarterTemplate\libraries\glew\include\\" /I"S:\Users\Alex\Google Drive\AIE stuffs\Assesment 2\AIEProjects-StarterTemplate\Project1\include\\" /I"S:\Users\Alex\Google Drive\AIE stuffs\Assesment 2\AIEProjects-StarterTemplate\libraries\glm\\" /Zi /nologo /W3 /WX- /O2 /Oi /Oy- /GL /D WIN32 /D NDEBUG /D _CONSOLE /D _UNICODE /D UNICODE /Gm- /EHsc /MD /GS /Gy /fp:precise /Zc:wchar_t /Zc:forScope /Fo"S:\Users\Alex\Google Drive\AIE stuffs\Assesment 2\AIEProjects-StarterTemplate\CompilerJunk\Project1Release\\" /Fd"S:\Users\Alex\Google Drive\AIE stuffs\Assesment 2\AIEProjects-StarterTemplate\CompilerJunk\Project1Release\vc120.pdb" /Gd /TP /analyze- /errorReport:prompt source\Game1.cpp
         Game1.cpp
     1>source\Game1.cpp(38): warning C4244: 'argument' : conversion from 'time_t' to 'unsigned int', possible loss of data
     1>source\Game1.cpp(96): warning C4244: '=' : conversion from 'int' to 'float', possible loss of data
     1>source\Game1.cpp(97): warning C4244: '=' : conversion from 'int' to 'float', possible loss of data
     1>source\Game1.cpp(117): warning C4305: '=' : truncation from 'double' to 'float'
     1>source\Game1.cpp(122): warning C4305: '=' : truncation from 'double' to 'float'
     1>source\Game1.cpp(126): warning C4305: '=' : truncation from 'double' to 'float'
     1>source\Game1.cpp(249): warning C4244: '=' : conversion from 'double' to 'float', possible loss of data
     1>source\Game1.cpp(341): warning C4305: '=' : truncation from 'double' to 'float'
     1>source\Game1.cpp(347): warning C4305: '=' : truncation from 'double' to 'float'
     1>source\Game1.cpp(352): warning C4305: '=' : truncation from 'double' to 'float'
     1>source\Game1.cpp(467): warning C4305: '=' : truncation from 'double' to 'float'
     1>source\Game1.cpp(488): warning C4305: '=' : truncation from 'double' to 'float'
     1>source\Game1.cpp(601): warning C4244: 'argument' : conversion from 'unsigned int' to 'float', possible loss of data
       Link:
         S:\Program Files (x86)\Microsoft Visual Studio 12.0\VC\bin\link.exe /ERRORREPORT:PROMPT /OUT:"S:\Users\Alex\Google Drive\AIE stuffs\Assesment 2\AIEProjects-StarterTemplate\Compiled\Project1Release\Project1.exe" /INCREMENTAL:NO /NOLOGO /LIBPATH:"S:\Users\Alex\Google Drive\AIE stuffs\Assesment 2\AIEProjects-StarterTemplate\AIE_GL\bin\\" /LIBPATH:"S:\Users\Alex\Google Drive\AIE stuffs\Assesment 2\AIEProjects-StarterTemplate\libraries\glew\lib\Release\Win32\\" /LIBPATH:"S:\Users\Alex\Google Drive\AIE stuffs\Assesment 2\AIEProjects-StarterTemplate\libraries\glfw3\lib-vc2013\\" OpenGL32.lib AIE_GL.lib glew32.lib glfw3.lib kernel32.lib user32.lib gdi32.lib winspool.lib comdlg32.lib advapi32.lib shell32.lib ole32.lib oleaut32.lib uuid.lib odbc32.lib odbccp32.lib /MANIFEST /MANIFESTUAC:"level='asInvoker' uiAccess='false'" /manifest:embed /DEBUG /PDB:"S:\Users\Alex\Google Drive\AIE stuffs\Assesment 2\AIEProjects-StarterTemplate\Compiled\Project1Release\Project1.pdb" /SUBSYSTEM:CONSOLE /OPT:REF /OPT:ICF /LTCG /TLBID:1 /DYNAMICBASE /NXCOMPAT /IMPLIB:"S:\Users\Alex\Google Drive\AIE stuffs\Assesment 2\AIEProjects-StarterTemplate\Compiled\Project1Release\Project1.lib" /MACHINE:X86 /SAFESEH "S:\Users\Alex\Google Drive\AIE stuffs\Assesment 2\AIEProjects-StarterTemplate\CompilerJunk\Project1Release\GameObject.obj"
         "S:\Users\Alex\Google Drive\AIE stuffs\Assesment 2\AIEProjects-StarterTemplate\CompilerJunk\Project1Release\main.obj"
         "S:\Users\Alex\Google Drive\AIE stuffs\Assesment 2\AIEProjects-StarterTemplate\CompilerJunk\Project1Release\Matrix3.obj"
         "S:\Users\Alex\Google Drive\AIE stuffs\Assesment 2\AIEProjects-StarterTemplate\CompilerJunk\Project1Release\Player.obj"
         "S:\Users\Alex\Google Drive\AIE stuffs\Assesment 2\AIEProjects-StarterTemplate\CompilerJunk\Project1Release\Ring.obj"
         "S:\Users\Alex\Google Drive\AIE stuffs\Assesment 2\AIEProjects-StarterTemplate\CompilerJunk\Project1Release\Game1.obj"
         "S:\Users\Alex\Google Drive\AIE stuffs\Assesment 2\AIEProjects-StarterTemplate\CompilerJunk\Project1Release\Trail.obj"
         "S:\Users\Alex\Google Drive\AIE stuffs\Assesment 2\AIEProjects-StarterTemplate\CompilerJunk\Project1Release\Vector2.obj"
         "S:\Users\Alex\Google Drive\AIE stuffs\Assesment 2\AIEProjects-StarterTemplate\CompilerJunk\Project1Release\Vector3.obj"
         Generating code
         Finished generating code
         Project1.vcxproj -> S:\Users\Alex\Google Drive\AIE stuffs\Assesment 2\AIEProjects-StarterTemplate\Compiled\Project1Release\Project1.exe
     1>Done Building Project "S:\Users\Alex\Google Drive\AIE stuffs\Assesment 2\AIEProjects-StarterTemplate\Project1\Project1.vcxproj" (Build target(s)).

Build succeeded.

Time Elapsed 00:00:01.86
