Build started 10/08/2015 5:23:41 PM.
     1>Project "C:\Users\kayne.palmer\Desktop\Work\trunk\AIEProjects-StarterTemplate - Graph\Project1\Project1.vcxproj" on node 2 (Build target(s)).
     1>ClCompile:
         C:\Program Files (x86)\Microsoft Visual Studio 12.0\VC\bin\CL.exe /c /I"C:\Users\kayne.palmer\Desktop\Work\trunk\AIEProjects-StarterTemplate - Graph\AIE_GL\include\\" /I"C:\Users\kayne.palmer\Desktop\Work\trunk\AIEProjects-StarterTemplate - Graph\libraries\glfw3\include\GLFW\\" /I"C:\Users\kayne.palmer\Desktop\Work\trunk\AIEProjects-StarterTemplate - Graph\Project1" /I"C:\Users\kayne.palmer\Desktop\Work\trunk\AIEProjects-StarterTemplate - Graph\libraries\glew\include\\" /I"C:\Users\kayne.palmer\Desktop\Work\trunk\AIEProjects-StarterTemplate - Graph\Project1\include\\" /ZI /nologo /W3 /WX- /Od /Oy- /D WIN32 /D _DEBUG /D _CONSOLE /D _UNICODE /D UNICODE /Gm /EHsc /RTC1 /MDd /GS /fp:precise /Zc:wchar_t /Zc:forScope /Fo"C:\Users\kayne.palmer\Desktop\Work\trunk\AIEProjects-StarterTemplate - Graph\CompilerJunk\Project1Debug\\" /Fd"C:\Users\kayne.palmer\Desktop\Work\trunk\AIEProjects-StarterTemplate - Graph\CompilerJunk\Project1Debug\vc120.pdb" /Gd /TP /analyze- /errorReport:prompt source\Game1.cpp
         Game1.cpp
     1>c:\users\kayne.palmer\desktop\work\trunk\aieprojects-startertemplate - graph\project1\source\game1.cpp(37): warning C4244: 'argument' : conversion from 'int' to 'float', possible loss of data
     1>c:\users\kayne.palmer\desktop\work\trunk\aieprojects-startertemplate - graph\project1\source\game1.cpp(322): warning C4018: '<' : signed/unsigned mismatch
     1>c:\users\kayne.palmer\desktop\work\trunk\aieprojects-startertemplate - graph\project1\source\game1.cpp(344): warning C4018: '<' : signed/unsigned mismatch
     1>c:\users\kayne.palmer\desktop\work\trunk\aieprojects-startertemplate - graph\project1\source\game1.cpp(380): warning C4018: '<' : signed/unsigned mismatch
       Link:
         C:\Program Files (x86)\Microsoft Visual Studio 12.0\VC\bin\link.exe /ERRORREPORT:PROMPT /OUT:"C:\Users\kayne.palmer\Desktop\Work\trunk\AIEProjects-StarterTemplate - Graph\Compiled\Project1Debug\Project1.exe" /INCREMENTAL /NOLOGO /LIBPATH:"C:\Users\kayne.palmer\Desktop\Work\trunk\AIEProjects-StarterTemplate - Graph\AIE_GL\bin\\" /LIBPATH:"C:\Users\kayne.palmer\Desktop\Work\trunk\AIEProjects-StarterTemplate - Graph\libraries\glew\lib\Release\Win32\\" /LIBPATH:"C:\Users\kayne.palmer\Desktop\Work\trunk\AIEProjects-StarterTemplate - Graph\libraries\glfw3\lib-vc2013\\" OpenGL32.lib AIE_GL_d.lib glew32.lib glfw3.lib kernel32.lib user32.lib gdi32.lib winspool.lib comdlg32.lib advapi32.lib shell32.lib ole32.lib oleaut32.lib uuid.lib odbc32.lib odbccp32.lib /MANIFEST /MANIFESTUAC:"level='asInvoker' uiAccess='false'" /manifest:embed /DEBUG /PDB:"C:\Users\kayne.palmer\Desktop\Work\trunk\AIEProjects-StarterTemplate - Graph\Compiled\Project1Debug\Project1.pdb" /SUBSYSTEM:CONSOLE /TLBID:1 /DYNAMICBASE /NXCOMPAT /IMPLIB:"C:\Users\kayne.palmer\Desktop\Work\trunk\AIEProjects-StarterTemplate - Graph\Compiled\Project1Debug\Project1.lib" /MACHINE:X86 "C:\Users\kayne.palmer\Desktop\Work\trunk\AIEProjects-StarterTemplate - Graph\CompilerJunk\Project1Debug\Agents.obj"
         "C:\Users\kayne.palmer\Desktop\Work\trunk\AIEProjects-StarterTemplate - Graph\CompilerJunk\Project1Debug\Blood.obj"
         "C:\Users\kayne.palmer\Desktop\Work\trunk\AIEProjects-StarterTemplate - Graph\CompilerJunk\Project1Debug\DrunkenModifier.obj"
         "C:\Users\kayne.palmer\Desktop\Work\trunk\AIEProjects-StarterTemplate - Graph\CompilerJunk\Project1Debug\IBehaviour.obj"
         "C:\Users\kayne.palmer\Desktop\Work\trunk\AIEProjects-StarterTemplate - Graph\CompilerJunk\Project1Debug\KeyboardControler.obj"
         "C:\Users\kayne.palmer\Desktop\Work\trunk\AIEProjects-StarterTemplate - Graph\CompilerJunk\Project1Debug\main.obj"
         "C:\Users\kayne.palmer\Desktop\Work\trunk\AIEProjects-StarterTemplate - Graph\CompilerJunk\Project1Debug\Player.obj"
         "C:\Users\kayne.palmer\Desktop\Work\trunk\AIEProjects-StarterTemplate - Graph\CompilerJunk\Project1Debug\Game1.obj"
         "C:\Users\kayne.palmer\Desktop\Work\trunk\AIEProjects-StarterTemplate - Graph\CompilerJunk\Project1Debug\Graph.obj"
         "C:\Users\kayne.palmer\Desktop\Work\trunk\AIEProjects-StarterTemplate - Graph\CompilerJunk\Project1Debug\MathLib.obj"
         Project1.vcxproj -> C:\Users\kayne.palmer\Desktop\Work\trunk\AIEProjects-StarterTemplate - Graph\Compiled\Project1Debug\Project1.exe
     1>Done Building Project "C:\Users\kayne.palmer\Desktop\Work\trunk\AIEProjects-StarterTemplate - Graph\Project1\Project1.vcxproj" (Build target(s)).

Build succeeded.

Time Elapsed 00:00:00.89
