Build started 1/07/2015 4:26:44 PM.
     1>Project "C:\Users\kayne.palmer\Desktop\Work\trunk\AIEProjects-StarterTemplate\Project1\Project1.vcxproj" on node 2 (Build target(s)).
     1>ClCompile:
         C:\Program Files (x86)\Microsoft Visual Studio 12.0\VC\bin\CL.exe /c /I"C:\Users\kayne.palmer\Desktop\Work\trunk\AIEProjects-StarterTemplate\AIE_GL\include\\" /I"C:\Users\kayne.palmer\Desktop\Work\trunk\AIEProjects-StarterTemplate\libraries\glfw3\include\GLFW\\" /I"C:\Users\kayne.palmer\Desktop\Work\trunk\AIEProjects-StarterTemplate\libraries\glew\include\\" /I"C:\Users\kayne.palmer\Desktop\Work\trunk\AIEProjects-StarterTemplate\Project1\include\\" /I"C:\Users\kayne.palmer\Desktop\Work\trunk\AIEProjects-StarterTemplate\libraries\glm\\" /Zi /nologo /W3 /WX- /O2 /Oi /Oy- /GL /D WIN32 /D NDEBUG /D _CONSOLE /D _UNICODE /D UNICODE /Gm- /EHsc /MD /GS /Gy /fp:precise /Zc:wchar_t /Zc:forScope /Fo"C:\Users\kayne.palmer\Desktop\Work\trunk\AIEProjects-StarterTemplate\CompilerJunk\Project1Release\\" /Fd"C:\Users\kayne.palmer\Desktop\Work\trunk\AIEProjects-StarterTemplate\CompilerJunk\Project1Release\vc120.pdb" /Gd /TP /analyze- /errorReport:prompt Floor.cpp main.cpp Object.cpp Player.cpp source\Game1.cpp Vectors.cpp
         Floor.cpp
         main.cpp
         Object.cpp
         Player.cpp
         Game1.cpp
         Vectors.cpp
       Link:
         C:\Program Files (x86)\Microsoft Visual Studio 12.0\VC\bin\link.exe /ERRORREPORT:PROMPT /OUT:"C:\Users\kayne.palmer\Desktop\Work\trunk\AIEProjects-StarterTemplate\Compiled\Project1Release\Project1.exe" /INCREMENTAL:NO /NOLOGO /LIBPATH:"C:\Users\kayne.palmer\Desktop\Work\trunk\AIEProjects-StarterTemplate\AIE_GL\bin\\" /LIBPATH:"C:\Users\kayne.palmer\Desktop\Work\trunk\AIEProjects-StarterTemplate\libraries\glew\lib\Release\Win32\\" /LIBPATH:"C:\Users\kayne.palmer\Desktop\Work\trunk\AIEProjects-StarterTemplate\libraries\glfw3\lib-vc2013\\" OpenGL32.lib AIE_GL.lib glew32.lib glfw3.lib kernel32.lib user32.lib gdi32.lib winspool.lib comdlg32.lib advapi32.lib shell32.lib ole32.lib oleaut32.lib uuid.lib odbc32.lib odbccp32.lib /MANIFEST /MANIFESTUAC:"level='asInvoker' uiAccess='false'" /manifest:embed /DEBUG /PDB:"C:\Users\kayne.palmer\Desktop\Work\trunk\AIEProjects-StarterTemplate\Compiled\Project1Release\Project1.pdb" /SUBSYSTEM:CONSOLE /OPT:REF /OPT:ICF /LTCG /TLBID:1 /DYNAMICBASE /NXCOMPAT /IMPLIB:"C:\Users\kayne.palmer\Desktop\Work\trunk\AIEProjects-StarterTemplate\Compiled\Project1Release\Project1.lib" /MACHINE:X86 /SAFESEH "C:\Users\kayne.palmer\Desktop\Work\trunk\AIEProjects-StarterTemplate\CompilerJunk\Project1Release\Floor.obj"
         "C:\Users\kayne.palmer\Desktop\Work\trunk\AIEProjects-StarterTemplate\CompilerJunk\Project1Release\main.obj"
         "C:\Users\kayne.palmer\Desktop\Work\trunk\AIEProjects-StarterTemplate\CompilerJunk\Project1Release\Object.obj"
         "C:\Users\kayne.palmer\Desktop\Work\trunk\AIEProjects-StarterTemplate\CompilerJunk\Project1Release\Player.obj"
         "C:\Users\kayne.palmer\Desktop\Work\trunk\AIEProjects-StarterTemplate\CompilerJunk\Project1Release\Game1.obj"
         "C:\Users\kayne.palmer\Desktop\Work\trunk\AIEProjects-StarterTemplate\CompilerJunk\Project1Release\Vectors.obj"
         Generating code
         Finished generating code
         Project1.vcxproj -> C:\Users\kayne.palmer\Desktop\Work\trunk\AIEProjects-StarterTemplate\Compiled\Project1Release\Project1.exe
     1>Done Building Project "C:\Users\kayne.palmer\Desktop\Work\trunk\AIEProjects-StarterTemplate\Project1\Project1.vcxproj" (Build target(s)).

Build succeeded.

Time Elapsed 00:00:01.95
